# JRE version: OpenJDK Runtime Environment Temurin-21.0.10+7 (21.0.10+7) (build 21.0.10+7-LTS)
# Java VM: OpenJDK 64-Bit Server VM Temurin-21.0.10+7 (21.0.10+7-LTS, mixed mode, sharing, tiered, compressed oops, compressed class ptrs, parallel gc, windows-amd64)
GC Precious Log:
 CardTable entry size: 512
 CPUs: 12 total, 12 available
 Memory: 16077M
 Large Page Support: Disabled
 NUMA Support: Disabled
 Compressed Oops: Enabled (32-bit)
 Alignments: Space 512K, Generation 512K, Heap 2M
 Heap Min Capacity: 100M
 Heap Initial Capacity: 100M
 Heap Max Capacity: 2G
 Pre-touch: Disabled
 Parallel Workers: 10
Heap:
 PSYoungGen      total 2048K, used 1198K [0x00000000d5580000, 0x00000000d5900000, 0x0000000100000000)
  eden space 1536K, 69% used [0x00000000d5580000,0x00000000d568b9c8,0x00000000d5700000)
  from space 512K, 25% used [0x00000000d5880000,0x00000000d58a0000,0x00000000d5900000)
  to   space 512K, 0% used [0x00000000d5800000,0x00000000d5800000,0x00000000d5880000)
 ParOldGen       total 770560K, used 770443K [0x0000000080000000, 0x00000000af080000, 0x00000000d5580000)
  object space 770560K, 99% used [0x0000000080000000,0x00000000af062de0,0x00000000af080000)
 Metaspace       used 95447K, committed 97216K, reserved 1179648K
  class space    used 9590K, committed 10432K, reserved 1048576K
GC Heap History (20 events):
Event: 26490.418 GC heap before
{Heap before GC invocations=8829 (full 7):
 PSYoungGen      total 2048K, used 1856K [0x00000000d5580000, 0x00000000d5900000, 0x0000000100000000)
  eden space 1536K, 100% used [0x00000000d5580000,0x00000000d5700000,0x00000000d5700000)
  from space 512K, 62% used [0x00000000d5880000,0x00000000d58d0000,0x00000000d5900000)
  to   space 512K, 0% used [0x00000000d5800000,0x00000000d5800000,0x00000000d5880000)
 ParOldGen       total 770048K, used 770012K [0x0000000080000000, 0x00000000af000000, 0x00000000d5580000)
  object space 770048K, 99% used [0x0000000080000000,0x00000000aeff7390,0x00000000af000000)
 Metaspace       used 95441K, committed 97216K, reserved 1179648K
  class space    used 9590K, committed 10432K, reserved 1048576K
}
Event: 26490.421 GC heap after
{Heap after GC invocations=8829 (full 7):
 PSYoungGen      total 2048K, used 512K [0x00000000d5580000, 0x00000000d5900000, 0x0000000100000000)
  eden space 1536K, 0% used [0x00000000d5580000,0x00000000d5580000,0x00000000d5700000)
  from space 512K, 100% used [0x00000000d5800000,0x00000000d5880000,0x00000000d5880000)
  to   space 512K, 0% used [0x00000000d5880000,0x00000000d5880000,0x00000000d5900000)
 ParOldGen       total 770560K, used 770068K [0x0000000080000000, 0x00000000af080000, 0x00000000d5580000)
  object space 770560K, 99% used [0x0000000080000000,0x00000000af005390,0x00000000af080000)
 Metaspace       used 95441K, committed 97216K, reserved 1179648K
  class space    used 9590K, committed 10432K, reserved 1048576K
}
Event: 26490.428 GC heap before
{Heap before GC invocations=8830 (full 7):
 PSYoungGen      total 2048K, used 2048K [0x00000000d5580000, 0x00000000d5900000, 0x0000000100000000)
  eden space 1536K, 100% used [0x00000000d5580000,0x00000000d5700000,0x00000000d5700000)
  from space 512K, 100% used [0x00000000d5800000,0x00000000d5880000,0x00000000d5880000)
  to   space 512K, 0% used [0x00000000d5880000,0x00000000d5880000,0x00000000d5900000)
 ParOldGen       total 770560K, used 770068K [0x0000000080000000, 0x00000000af080000, 0x00000000d5580000)
  object space 770560K, 99% used [0x0000000080000000,0x00000000af005390,0x00000000af080000)
 Metaspace       used 95441K, committed 97216K, reserved 1179648K
  class space    used 9590K, committed 10432K, reserved 1048576K
}
Event: 26490.431 GC heap after
{Heap after GC invocations=8830 (full 7):
 PSYoungGen      total 2048K, used 288K [0x00000000d5580000, 0x00000000d5900000, 0x0000000100000000)
  eden space 1536K, 0% used [0x00000000d5580000,0x00000000d5580000,0x00000000d5700000)
  from space 512K, 56% used [0x00000000d5880000,0x00000000d58c8000,0x00000000d5900000)
  to   space 512K, 0% used [0x00000000d5800000,0x00000000d5800000,0x00000000d5880000)
 ParOldGen       total 770560K, used 770339K [0x0000000080000000, 0x00000000af080000, 0x00000000d5580000)
  object space 770560K, 99% used [0x0000000080000000,0x00000000af048de0,0x00000000af080000)
 Metaspace       used 95441K, committed 97216K, reserved 1179648K
  class space    used 9590K, committed 10432K, reserved 1048576K
}
Event: 26490.557 GC heap before
{Heap before GC invocations=8831 (full 7):
 PSYoungGen      total 2048K, used 1824K [0x00000000d5580000, 0x00000000d5900000, 0x0000000100000000)
  eden space 1536K, 100% used [0x00000000d5580000,0x00000000d5700000,0x00000000d5700000)
  from space 512K, 56% used [0x00000000d5880000,0x00000000d58c8000,0x00000000d5900000)
  to   space 512K, 0% used [0x00000000d5800000,0x00000000d5800000,0x00000000d5880000)
 ParOldGen       total 770560K, used 770339K [0x0000000080000000, 0x00000000af080000, 0x00000000d5580000)
  object space 770560K, 99% used [0x0000000080000000,0x00000000af048de0,0x00000000af080000)
 Metaspace       used 95441K, committed 97216K, reserved 1179648K
  class space    used 9590K, committed 10432K, reserved 1048576K
}
Event: 26490.560 GC heap after
{Heap after GC invocations=8831 (full 7):
 PSYoungGen      total 2048K, used 224K [0x00000000d5580000, 0x00000000d5900000, 0x0000000100000000)
  eden space 1536K, 0% used [0x00000000d5580000,0x00000000d5580000,0x00000000d5700000)
  from space 512K, 43% used [0x00000000d5800000,0x00000000d5838000,0x00000000d5880000)
  to   space 512K, 0% used [0x00000000d5880000,0x00000000d5880000,0x00000000d5900000)
 ParOldGen       total 770560K, used 770347K [0x0000000080000000, 0x00000000af080000, 0x00000000d5580000)
  object space 770560K, 99% used [0x0000000080000000,0x00000000af04ade0,0x00000000af080000)
 Metaspace       used 95441K, committed 97216K, reserved 1179648K
  class space    used 9590K, committed 10432K, reserved 1048576K
}
Event: 26588.848 GC heap before
{Heap before GC invocations=8832 (full 7):
 PSYoungGen      total 2048K, used 1760K [0x00000000d5580000, 0x00000000d5900000, 0x0000000100000000)
  eden space 1536K, 100% used [0x00000000d5580000,0x00000000d5700000,0x00000000d5700000)
  from space 512K, 43% used [0x00000000d5800000,0x00000000d5838000,0x00000000d5880000)
  to   space 512K, 0% used [0x00000000d5880000,0x00000000d5880000,0x00000000d5900000)
 ParOldGen       total 770560K, used 770347K [0x0000000080000000, 0x00000000af080000, 0x00000000d5580000)
  object space 770560K, 99% used [0x0000000080000000,0x00000000af04ade0,0x00000000af080000)
 Metaspace       used 95442K, committed 97216K, reserved 1179648K
  class space    used 9590K, committed 10432K, reserved 1048576K
}
Event: 26588.853 GC heap after
{Heap after GC invocations=8832 (full 7):
 PSYoungGen      total 2048K, used 224K [0x00000000d5580000, 0x00000000d5900000, 0x0000000100000000)
  eden space 1536K, 0% used [0x00000000d5580000,0x00000000d5580000,0x00000000d5700000)
  from space 512K, 43% used [0x00000000d5880000,0x00000000d58b8000,0x00000000d5900000)
  to   space 512K, 0% used [0x00000000d5800000,0x00000000d5800000,0x00000000d5880000)
 ParOldGen       total 770560K, used 770355K [0x0000000080000000, 0x00000000af080000, 0x00000000d5580000)
  object space 770560K, 99% used [0x0000000080000000,0x00000000af04cde0,0x00000000af080000)
 Metaspace       used 95442K, committed 97216K, reserved 1179648K
  class space    used 9590K, committed 10432K, reserved 1048576K
}
Event: 27185.933 GC heap before
{Heap before GC invocations=8833 (full 7):
 PSYoungGen      total 2048K, used 1760K [0x00000000d5580000, 0x00000000d5900000, 0x0000000100000000)
  eden space 1536K, 100% used [0x00000000d5580000,0x00000000d5700000,0x00000000d5700000)
  from space 512K, 43% used [0x00000000d5880000,0x00000000d58b8000,0x00000000d5900000)
  to   space 512K, 0% used [0x00000000d5800000,0x00000000d5800000,0x00000000d5880000)
 ParOldGen       total 770560K, used 770355K [0x0000000080000000, 0x00000000af080000, 0x00000000d5580000)
  object space 770560K, 99% used [0x0000000080000000,0x00000000af04cde0,0x00000000af080000)
 Metaspace       used 95442K, committed 97216K, reserved 1179648K
  class space    used 9590K, committed 10432K, reserved 1048576K
}
Event: 27185.945 GC heap after
{Heap after GC invocations=8833 (full 7):
 PSYoungGen      total 2048K, used 160K [0x00000000d5580000, 0x00000000d5900000, 0x0000000100000000)
  eden space 1536K, 0% used [0x00000000d5580000,0x00000000d5580000,0x00000000d5700000)
  from space 512K, 31% used [0x00000000d5800000,0x00000000d5828000,0x00000000d5880000)
  to   space 512K, 0% used [0x00000000d5880000,0x00000000d5880000,0x00000000d5900000)
 ParOldGen       total 770560K, used 770395K [0x0000000080000000, 0x00000000af080000, 0x00000000d5580000)
  object space 770560K, 99% used [0x0000000080000000,0x00000000af056de0,0x00000000af080000)
 Metaspace       used 95442K, committed 97216K, reserved 1179648K
  class space    used 9590K, committed 10432K, reserved 1048576K
}
Event: 27732.244 GC heap before
{Heap before GC invocations=8834 (full 7):
 PSYoungGen      total 2048K, used 1696K [0x00000000d5580000, 0x00000000d5900000, 0x0000000100000000)
  eden space 1536K, 100% used [0x00000000d5580000,0x00000000d5700000,0x00000000d5700000)
  from space 512K, 31% used [0x00000000d5800000,0x00000000d5828000,0x00000000d5880000)
  to   space 512K, 0% used [0x00000000d5880000,0x00000000d5880000,0x00000000d5900000)
 ParOldGen       total 770560K, used 770395K [0x0000000080000000, 0x00000000af080000, 0x00000000d5580000)
  object space 770560K, 99% used [0x0000000080000000,0x00000000af056de0,0x00000000af080000)
 Metaspace       used 95442K, committed 97216K, reserved 1179648K
  class space    used 9590K, committed 10432K, reserved 1048576K
}
Event: 27732.253 GC heap after
{Heap after GC invocations=8834 (full 7):
 PSYoungGen      total 2048K, used 224K [0x00000000d5580000, 0x00000000d5900000, 0x0000000100000000)
  eden space 1536K, 0% used [0x00000000d5580000,0x00000000d5580000,0x00000000d5700000)
  from space 512K, 43% used [0x00000000d5880000,0x00000000d58b8000,0x00000000d5900000)
  to   space 512K, 0% used [0x00000000d5800000,0x00000000d5800000,0x00000000d5880000)
 ParOldGen       total 770560K, used 770435K [0x0000000080000000, 0x00000000af080000, 0x00000000d5580000)
  object space 770560K, 99% used [0x0000000080000000,0x00000000af060de0,0x00000000af080000)
 Metaspace       used 95442K, committed 97216K, reserved 1179648K
  class space    used 9590K, committed 10432K, reserved 1048576K
}
Event: 28456.241 GC heap before
{Heap before GC invocations=8835 (full 7):
 PSYoungGen      total 2048K, used 1760K [0x00000000d5580000, 0x00000000d5900000, 0x0000000100000000)
  eden space 1536K, 100% used [0x00000000d5580000,0x00000000d5700000,0x00000000d5700000)
  from space 512K, 43% used [0x00000000d5880000,0x00000000d58b8000,0x00000000d5900000)
  to   space 512K, 0% used [0x00000000d5800000,0x00000000d5800000,0x00000000d5880000)
 ParOldGen       total 770560K, used 770435K [0x0000000080000000, 0x00000000af080000, 0x00000000d5580000)
  object space 770560K, 99% used [0x0000000080000000,0x00000000af060de0,0x00000000af080000)
 Metaspace       used 95446K, committed 97216K, reserved 1179648K
  class space    used 9590K, committed 10432K, reserved 1048576K
}
Event: 28456.243 GC heap after
{Heap after GC invocations=8835 (full 7):
 PSYoungGen      total 2048K, used 160K [0x00000000d5580000, 0x00000000d5900000, 0x0000000100000000)
  eden space 1536K, 0% used [0x00000000d5580000,0x00000000d5580000,0x00000000d5700000)
  from space 512K, 31% used [0x00000000d5800000,0x00000000d5828000,0x00000000d5880000)
  to   space 512K, 0% used [0x00000000d5880000,0x00000000d5880000,0x00000000d5900000)
 ParOldGen       total 770560K, used 770435K [0x0000000080000000, 0x00000000af080000, 0x00000000d5580000)
  object space 770560K, 99% used [0x0000000080000000,0x00000000af060de0,0x00000000af080000)
 Metaspace       used 95446K, committed 97216K, reserved 1179648K
  class space    used 9590K, committed 10432K, reserved 1048576K
}
Event: 29181.202 GC heap before
{Heap before GC invocations=8836 (full 7):
 PSYoungGen      total 2048K, used 1696K [0x00000000d5580000, 0x00000000d5900000, 0x0000000100000000)
  eden space 1536K, 100% used [0x00000000d5580000,0x00000000d5700000,0x00000000d5700000)
  from space 512K, 31% used [0x00000000d5800000,0x00000000d5828000,0x00000000d5880000)
  to   space 512K, 0% used [0x00000000d5880000,0x00000000d5880000,0x00000000d5900000)
 ParOldGen       total 770560K, used 770435K [0x0000000080000000, 0x00000000af080000, 0x00000000d5580000)
  object space 770560K, 99% used [0x0000000080000000,0x00000000af060de0,0x00000000af080000)
 Metaspace       used 95447K, committed 97216K, reserved 1179648K
  class space    used 9590K, committed 10432K, reserved 1048576K
}
Event: 29181.210 GC heap after
{Heap after GC invocations=8836 (full 7):
 PSYoungGen      total 2048K, used 192K [0x00000000d5580000, 0x00000000d5900000, 0x0000000100000000)
  eden space 1536K, 0% used [0x00000000d5580000,0x00000000d5580000,0x00000000d5700000)
  from space 512K, 37% used [0x00000000d5880000,0x00000000d58b0000,0x00000000d5900000)
  to   space 512K, 0% used [0x00000000d5800000,0x00000000d5800000,0x00000000d5880000)
 ParOldGen       total 770560K, used 770435K [0x0000000080000000, 0x00000000af080000, 0x00000000d5580000)
  object space 770560K, 99% used [0x0000000080000000,0x00000000af060de0,0x00000000af080000)
 Metaspace       used 95447K, committed 97216K, reserved 1179648K
  class space    used 9590K, committed 10432K, reserved 1048576K
}
Event: 31067.535 GC heap before
{Heap before GC invocations=8837 (full 7):
 PSYoungGen      total 2048K, used 1728K [0x00000000d5580000, 0x00000000d5900000, 0x0000000100000000)
  eden space 1536K, 100% used [0x00000000d5580000,0x00000000d5700000,0x00000000d5700000)
  from space 512K, 37% used [0x00000000d5880000,0x00000000d58b0000,0x00000000d5900000)
  to   space 512K, 0% used [0x00000000d5800000,0x00000000d5800000,0x00000000d5880000)
 ParOldGen       total 770560K, used 770435K [0x0000000080000000, 0x00000000af080000, 0x00000000d5580000)
  object space 770560K, 99% used [0x0000000080000000,0x00000000af060de0,0x00000000af080000)
 Metaspace       used 95447K, committed 97216K, reserved 1179648K
  class space    used 9590K, committed 10432K, reserved 1048576K
}
Event: 31067.539 GC heap after
{Heap after GC invocations=8837 (full 7):
 PSYoungGen      total 2048K, used 288K [0x00000000d5580000, 0x00000000d5900000, 0x0000000100000000)
  eden space 1536K, 0% used [0x00000000d5580000,0x00000000d5580000,0x00000000d5700000)
  from space 512K, 56% used [0x00000000d5800000,0x00000000d5848000,0x00000000d5880000)
  to   space 512K, 0% used [0x00000000d5880000,0x00000000d5880000,0x00000000d5900000)
 ParOldGen       total 770560K, used 770435K [0x0000000080000000, 0x00000000af080000, 0x00000000d5580000)
  object space 770560K, 99% used [0x0000000080000000,0x00000000af060de0,0x00000000af080000)
 Metaspace       used 95447K, committed 97216K, reserved 1179648K
  class space    used 9590K, committed 10432K, reserved 1048576K
}
Event: 31697.237 GC heap before
{Heap before GC invocations=8838 (full 7):
 PSYoungGen      total 2048K, used 1824K [0x00000000d5580000, 0x00000000d5900000, 0x0000000100000000)
  eden space 1536K, 100% used [0x00000000d5580000,0x00000000d5700000,0x00000000d5700000)
  from space 512K, 56% used [0x00000000d5800000,0x00000000d5848000,0x00000000d5880000)
  to   space 512K, 0% used [0x00000000d5880000,0x00000000d5880000,0x00000000d5900000)
 ParOldGen       total 770560K, used 770435K [0x0000000080000000, 0x00000000af080000, 0x00000000d5580000)
  object space 770560K, 99% used [0x0000000080000000,0x00000000af060de0,0x00000000af080000)
 Metaspace       used 95447K, committed 97216K, reserved 1179648K
  class space    used 9590K, committed 10432K, reserved 1048576K
}
Event: 31697.248 GC heap after
{Heap after GC invocations=8838 (full 7):
 PSYoungGen      total 2048K, used 128K [0x00000000d5580000, 0x00000000d5900000, 0x0000000100000000)
  eden space 1536K, 0% used [0x00000000d5580000,0x00000000d5580000,0x00000000d5700000)
  from space 512K, 25% used [0x00000000d5880000,0x00000000d58a0000,0x00000000d5900000)
  to   space 512K, 0% used [0x00000000d5800000,0x00000000d5800000,0x00000000d5880000)
 ParOldGen       total 770560K, used 770443K [0x0000000080000000, 0x00000000af080000, 0x00000000d5580000)
  object space 770560K, 99% used [0x0000000080000000,0x00000000af062de0,0x00000000af080000)
 Metaspace       used 95447K, committed 97216K, reserved 1179648K
  class space    used 9590K, committed 10432K, reserved 1048576K
}

